Removed Pin From Net: NetName=GND Pin=X4-2
Removed Pin From Net: NetName=GND Pin=X4-2
Removed Pin From Net: NetName=GND Pin=X4-2
Removed Pin From Net: NetName=GND Pin=X4-2
Removed Pin From Net: NetName=GND Pin=X7-2
Removed Pin From Net: NetName=GND Pin=X7-2
Removed Pin From Net: NetName=GND Pin=X7-2
Removed Pin From Net: NetName=GND Pin=X7-2
Removed Pin From Net: NetName=GND Pin=X8-2
Removed Pin From Net: NetName=GND Pin=X8-2
Removed Pin From Net: NetName=GND Pin=X8-2
Removed Pin From Net: NetName=GND Pin=X8-2
Removed Pin From Net: NetName=GND Pin=X9-2
Removed Pin From Net: NetName=GND Pin=X9-2
Removed Pin From Net: NetName=GND Pin=X9-2
Removed Pin From Net: NetName=GND Pin=X9-2
Removed Pin From Net: NetName=GND Pin=X10-2
Removed Pin From Net: NetName=GND Pin=X10-2
Removed Pin From Net: NetName=GND Pin=X10-2
Removed Pin From Net: NetName=GND Pin=X10-2
Change Component Footprint: Designator=X8 Old Footprint=CON: SMA-EL New Footprint=CON: SMA
Change Component Footprint: Designator=X9 Old Footprint=CON: SMA-EL New Footprint=CON: SMA
Change Component Footprint: Designator=X10 Old Footprint=CON: SMA-EL New Footprint=CON: SMA
Change Component Comment : Designator=X8 Old Comment=SMA New Comment=Connector SMA, 50 Ohm, 3GHz
Change Component Comment : Designator=X9 Old Comment=SMA New Comment=Connector SMA, 50 Ohm, 3GHz
Change Component Comment : Designator=X10 Old Comment=SMA New Comment=Connector SMA, 50 Ohm, 3GHz
Change component parameters: Designator = "X8"; Footprint = "CON: SMA"; UniqueID = "\FRMCKXQB"
Change component parameters. Clean all parameters for all variants
Change component parameters (AddParameter): Name = "CommentText"; Value = ""׀אחתול""; VariantName = "[No Variations]"
Change component parameters (AddParameter): Name = "Frequency"; Value = "3GHz"; VariantName = "[No Variations]"
Change component parameters (AddParameter): Name = "HelpURL"; Value = "https://www.digikey.com/product-detail/en/te-connectivity-amp-connectors/5-1814832-1/A97594-ND/1755982"; VariantName = "[No Variations]"
Change component parameters (AddParameter): Name = "Impedance"; Value = "50 Ohm"; VariantName = "[No Variations]"
Change component parameters (AddParameter): Name = "Manufacturer"; Value = "TE Connectivity"; VariantName = "[No Variations]"
Change component parameters (AddParameter): Name = "PartNumber"; Value = "5-1814832-1"; VariantName = "[No Variations]"
Change component parameters (AddParameter): Name = "TypeConnector"; Value = "Connector SMA"; VariantName = "[No Variations]"
Change component parameters (AddParameter): Name = "ValueManufacturerPartNumber"; Value = "Connector SMA, 50 Ohm, 3GHz"; VariantName = "[No Variations]"
Change component parameters: Designator = "X9"; Footprint = "CON: SMA"; UniqueID = "\IGDNVHJU"
Change component parameters. Clean all parameters for all variants
Change component parameters (AddParameter): Name = "CommentText"; Value = ""׀אחתול""; VariantName = "[No Variations]"
Change component parameters (AddParameter): Name = "Frequency"; Value = "3GHz"; VariantName = "[No Variations]"
Change component parameters (AddParameter): Name = "HelpURL"; Value = "https://www.digikey.com/product-detail/en/te-connectivity-amp-connectors/5-1814832-1/A97594-ND/1755982"; VariantName = "[No Variations]"
Change component parameters (AddParameter): Name = "Impedance"; Value = "50 Ohm"; VariantName = "[No Variations]"
Change component parameters (AddParameter): Name = "Manufacturer"; Value = "TE Connectivity"; VariantName = "[No Variations]"
Change component parameters (AddParameter): Name = "PartNumber"; Value = "5-1814832-1"; VariantName = "[No Variations]"
Change component parameters (AddParameter): Name = "TypeConnector"; Value = "Connector SMA"; VariantName = "[No Variations]"
Change component parameters (AddParameter): Name = "ValueManufacturerPartNumber"; Value = "Connector SMA, 50 Ohm, 3GHz"; VariantName = "[No Variations]"
Change component parameters: Designator = "X10"; Footprint = "CON: SMA"; UniqueID = "\BPPYYIKD"
Change component parameters. Clean all parameters for all variants
Change component parameters (AddParameter): Name = "CommentText"; Value = ""׀אחתול""; VariantName = "[No Variations]"
Change component parameters (AddParameter): Name = "Frequency"; Value = "3GHz"; VariantName = "[No Variations]"
Change component parameters (AddParameter): Name = "HelpURL"; Value = "https://www.digikey.com/product-detail/en/te-connectivity-amp-connectors/5-1814832-1/A97594-ND/1755982"; VariantName = "[No Variations]"
Change component parameters (AddParameter): Name = "Impedance"; Value = "50 Ohm"; VariantName = "[No Variations]"
Change component parameters (AddParameter): Name = "Manufacturer"; Value = "TE Connectivity"; VariantName = "[No Variations]"
Change component parameters (AddParameter): Name = "PartNumber"; Value = "5-1814832-1"; VariantName = "[No Variations]"
Change component parameters (AddParameter): Name = "TypeConnector"; Value = "Connector SMA"; VariantName = "[No Variations]"
Change component parameters (AddParameter): Name = "ValueManufacturerPartNumber"; Value = "Connector SMA, 50 Ohm, 3GHz"; VariantName = "[No Variations]"
