Change Component Designator: Old Designator=C1 New Designator=C6
Change Component Designator: Old Designator=C2 New Designator=C7
Change Component Designator: Old Designator=C3 New Designator=C4
Change Component Designator: Old Designator=C4 New Designator=C5
Change Component Designator: Old Designator=C5 New Designator=C18
Change Component Designator: Old Designator=C6 New Designator=C22
Change Component Designator: Old Designator=C7 New Designator=C13
Change Component Designator: Old Designator=C8 New Designator=C15
Change Component Designator: Old Designator=C9 New Designator=C10
Change Component Designator: Old Designator=C10 New Designator=C12
Change Component Designator: Old Designator=C11 New Designator=C17
Change Component Designator: Old Designator=C12 New Designator=C19
Change Component Designator: Old Designator=C13 New Designator=C20
Change Component Designator: Old Designator=C14 New Designator=C23
Change Component Designator: Old Designator=C15 New Designator=C21
Change Component Designator: Old Designator=C16 New Designator=C24
Change Component Designator: Old Designator=C17 New Designator=C25
Change Component Designator: Old Designator=C18 New Designator=C26
Change Component Designator: Old Designator=C19 New Designator=C2
Change Component Designator: Old Designator=C20 New Designator=C3
Change Component Designator: Old Designator=C21 New Designator=C8
Change Component Designator: Old Designator=C22 New Designator=C9
Change Component Designator: Old Designator=C23 New Designator=C11
Change Component Designator: Old Designator=C24 New Designator=C14
Change Component Designator: Old Designator=C25 New Designator=C16
Change Component Designator: Old Designator=C26 New Designator=C1
Change Component Designator: Old Designator=D1 New Designator=D2
Change Component Designator: Old Designator=D2 New Designator=D3
Change Component Designator: Old Designator=D3 New Designator=D1
Change Component Designator: Old Designator=L1 New Designator=L3
Change Component Designator: Old Designator=L3 New Designator=L4
Change Component Designator: Old Designator=L4 New Designator=L5
Change Component Designator: Old Designator=L5 New Designator=L6
Change Component Designator: Old Designator=L6 New Designator=L7
Change Component Designator: Old Designator=L7 New Designator=L1
Change Component Designator: Old Designator=R1 New Designator=R9
Change Component Designator: Old Designator=R2 New Designator=R1
Change Component Designator: Old Designator=R3 New Designator=R2
Change Component Designator: Old Designator=R4 New Designator=R7
Change Component Designator: Old Designator=R5 New Designator=R8
Change Component Designator: Old Designator=R6 New Designator=R3
Change Component Designator: Old Designator=R7 New Designator=R4
Change Component Designator: Old Designator=R8 New Designator=R5
Change Component Designator: Old Designator=R9 New Designator=R6
Change Component Designator: Old Designator=X1 New Designator=X2
Change Component Designator: Old Designator=X2 New Designator=X5
Change Component Designator: Old Designator=X4 New Designator=X8
Change Component Designator: Old Designator=X5 New Designator=X9
Change Component Designator: Old Designator=X6 New Designator=X10
Change Component Designator: Old Designator=X7 New Designator=X1
Change Component Designator: Old Designator=X8 New Designator=X6
Change Component Designator: Old Designator=X9 New Designator=X4
Change Component Designator: Old Designator=X10 New Designator=X7
